2025-02-26 13:21:47,540 - INFO - [Version: 0P.1B.01] - Starting process_mapper.py Version 0P.1B.01
2025-02-26 13:21:47,575 - INFO - [Version: 0P.1B.01] - Found PIDs 1233
1242 for port 5000
2025-02-26 13:21:47,578 - INFO - [Version: 0P.1B.01] - MQTT message sent: {"version": "0P.1B.01", "port": 5000, "service": "docker-proxy"}
2025-02-26 13:21:47,578 - INFO - [Version: 0P.1B.01] - Port 5000: docker-proxy
2025-02-26 13:21:47,609 - INFO - [Version: 0P.1B.01] - Found PIDs 148445
194137 for port 5001
2025-02-26 13:21:47,610 - INFO - [Version: 0P.1B.01] - MQTT message sent: {"version": "0P.1B.01", "port": 5001, "service": "Map Upload (Python)"}
2025-02-26 13:21:47,611 - INFO - [Version: 0P.1B.01] - Port 5001: Map Upload (Python)
2025-02-26 13:21:47,638 - INFO - [Version: 0P.1B.01] - Found PIDs 184696
194131 for port 5002
2025-02-26 13:21:47,639 - INFO - [Version: 0P.1B.01] - MQTT message sent: {"version": "0P.1B.01", "port": 5002, "service": "Zone Builder (Python)"}
2025-02-26 13:21:47,639 - INFO - [Version: 0P.1B.01] - Port 5002: Zone Builder (Python)
2025-02-26 13:21:47,668 - INFO - [Version: 0P.1B.01] - Found PIDs 162227
194137
194138 for port 5432
2025-02-26 13:21:47,669 - INFO - [Version: 0P.1B.01] - MQTT message sent: {"version": "0P.1B.01", "port": 5432, "service": "postgres"}
2025-02-26 13:21:47,669 - INFO - [Version: 0P.1B.01] - Port 5432: postgres
2025-02-26 13:21:47,699 - INFO - [Version: 0P.1B.01] - Found PIDs 763
194130 for port 8000
2025-02-26 13:21:47,700 - INFO - [Version: 0P.1B.01] - MQTT message sent: {"version": "0P.1B.01", "port": 8000, "service": "App (FastAPI)"}
2025-02-26 13:21:47,700 - INFO - [Version: 0P.1B.01] - Port 8000: App (FastAPI)
2025-02-26 13:21:47,730 - INFO - [Version: 0P.1B.01] - Found PIDs 1429 for port 8123
2025-02-26 13:21:47,731 - INFO - [Version: 0P.1B.01] - MQTT message sent: {"version": "0P.1B.01", "port": 8123, "service": "python3"}
2025-02-26 13:21:47,731 - INFO - [Version: 0P.1B.01] - Port 8123: python3
2025-02-26 13:21:47,731 - INFO - [Version: 0P.1B.01] - Completed process_mapper.py Version 0P.1B.01
2025-02-26 13:23:08,708 - INFO - [Version: 0P.1B.01] - Starting process_mapper.py Version 0P.1B.01
2025-02-26 13:23:08,737 - INFO - [Version: 0P.1B.01] - Found PIDs 1233
1242 for port 5000
2025-02-26 13:23:08,741 - INFO - [Version: 0P.1B.01] - MQTT message sent: {"version": "0P.1B.01", "port": 5000, "service": "docker-proxy"}
2025-02-26 13:23:08,741 - INFO - [Version: 0P.1B.01] - Port 5000: docker-proxy
2025-02-26 13:23:08,773 - INFO - [Version: 0P.1B.01] - Found PIDs 148445
194354 for port 5001
2025-02-26 13:23:08,774 - INFO - [Version: 0P.1B.01] - MQTT message sent: {"version": "0P.1B.01", "port": 5001, "service": "Map Upload (Python)"}
2025-02-26 13:23:08,774 - INFO - [Version: 0P.1B.01] - Port 5001: Map Upload (Python)
2025-02-26 13:23:08,810 - INFO - [Version: 0P.1B.01] - Found PIDs 184696
194355 for port 5002
2025-02-26 13:23:08,811 - INFO - [Version: 0P.1B.01] - MQTT message sent: {"version": "0P.1B.01", "port": 5002, "service": "Zone Builder (Python)"}
2025-02-26 13:23:08,811 - INFO - [Version: 0P.1B.01] - Port 5002: Zone Builder (Python)
2025-02-26 13:23:08,841 - INFO - [Version: 0P.1B.01] - Found PIDs 148441
194356 for port 5004
2025-02-26 13:23:08,842 - INFO - [Version: 0P.1B.01] - MQTT message sent: {"version": "0P.1B.01", "port": 5004, "service": "App (FastAPI)"}
2025-02-26 13:23:08,842 - INFO - [Version: 0P.1B.01] - Port 5004: App (FastAPI)
2025-02-26 13:23:08,871 - INFO - [Version: 0P.1B.01] - Found PIDs 162227
194354
194359 for port 5432
2025-02-26 13:23:08,872 - INFO - [Version: 0P.1B.01] - MQTT message sent: {"version": "0P.1B.01", "port": 5432, "service": "postgres"}
2025-02-26 13:23:08,872 - INFO - [Version: 0P.1B.01] - Port 5432: postgres
2025-02-26 13:23:08,910 - INFO - [Version: 0P.1B.01] - Found PIDs 763
194353 for port 8000
2025-02-26 13:23:08,910 - INFO - [Version: 0P.1B.01] - MQTT message sent: {"version": "0P.1B.01", "port": 8000, "service": "App (FastAPI)"}
2025-02-26 13:23:08,911 - INFO - [Version: 0P.1B.01] - Port 8000: App (FastAPI)
2025-02-26 13:23:08,940 - INFO - [Version: 0P.1B.01] - Found PIDs 1429 for port 8123
2025-02-26 13:23:08,940 - INFO - [Version: 0P.1B.01] - MQTT message sent: {"version": "0P.1B.01", "port": 8123, "service": "python3"}
2025-02-26 13:23:08,941 - INFO - [Version: 0P.1B.01] - Port 8123: python3
2025-02-26 13:23:08,941 - INFO - [Version: 0P.1B.01] - Completed process_mapper.py Version 0P.1B.01
2025-02-26 13:53:43,946 - INFO - [Version: 0P.1B.03] Port: Starting process_mapper.py Version 0P.1B.03
2025-02-26 13:53:44,190 - INFO - [Version: 0P.1B.03] Port: 5000 | Service: Parco RTLS Backend (parco_rtls-backend_api)
2025-02-26 13:53:44,190 - INFO - [Version: 0P.1B.03] Port: 5001 | Service: Map Upload (Python)
2025-02-26 13:53:44,191 - INFO - [Version: 0P.1B.03] Port: 5002 | Service: Zone Builder (Python)
2025-02-26 13:53:44,192 - INFO - [Version: 0P.1B.03] Port: 5004 | Service: App (FastAPI)
2025-02-26 13:53:44,193 - INFO - [Version: 0P.1B.03] Port: 5432 | Service: postgres
2025-02-26 13:53:44,193 - INFO - [Version: 0P.1B.03] Port: 8000 | Service: App (FastAPI)
2025-02-26 13:53:44,194 - INFO - [Version: 0P.1B.03] Port: 8123 | Service: python3
2025-02-26 13:53:44,194 - INFO - [Version: 0P.1B.03] Port: Completed process_mapper.py Version 0P.1B.03
2025-02-26 13:53:54,969 - INFO - [Version: 0P.1B.03] Port: Starting process_mapper.py Version 0P.1B.03
2025-02-26 13:53:55,201 - INFO - [Version: 0P.1B.03] Port: 5000 | Service: Parco RTLS Backend (parco_rtls-backend_api)
2025-02-26 13:53:55,202 - INFO - [Version: 0P.1B.03] Port: 5001 | Service: Map Upload (Python)
2025-02-26 13:53:55,203 - INFO - [Version: 0P.1B.03] Port: 5002 | Service: Zone Builder (Python)
2025-02-26 13:53:55,203 - INFO - [Version: 0P.1B.03] Port: 5004 | Service: App (FastAPI)
2025-02-26 13:53:55,204 - INFO - [Version: 0P.1B.03] Port: 5432 | Service: postgres
2025-02-26 13:53:55,204 - INFO - [Version: 0P.1B.03] Port: 8000 | Service: App (FastAPI)
2025-02-26 13:53:55,205 - INFO - [Version: 0P.1B.03] Port: 8123 | Service: python3
2025-02-26 13:53:55,205 - INFO - [Version: 0P.1B.03] Port: Completed process_mapper.py Version 0P.1B.03
2025-02-27 05:06:55,325 - INFO - [Version: 0P.1B.03] Port: Starting process_mapper.py Version 0P.1B.03
2025-02-27 05:06:55,548 - INFO - [Version: 0P.1B.03] Port: 5000 | Service: Parco RTLS Backend (parco_rtls-backend_api)
2025-02-27 05:06:55,549 - INFO - [Version: 0P.1B.03] Port: 5001 | Service: Map Upload (Python)
2025-02-27 05:06:55,550 - INFO - [Version: 0P.1B.03] Port: 5002 | Service: Zone Builder (Python)
2025-02-27 05:06:55,550 - INFO - [Version: 0P.1B.03] Port: 5004 | Service: App (FastAPI)
2025-02-27 05:06:55,551 - INFO - [Version: 0P.1B.03] Port: 5432 | Service: postgres
2025-02-27 05:06:55,551 - INFO - [Version: 0P.1B.03] Port: 8000 | Service: App (FastAPI)
2025-02-27 05:06:55,552 - INFO - [Version: 0P.1B.03] Port: 8123 | Service: python3
2025-02-27 05:06:55,552 - INFO - [Version: 0P.1B.03] Port: Completed process_mapper.py Version 0P.1B.03
